2025-09-24 08:15:14, MOVE, v:1, k:toalha, mode:PICK
2025-09-24 08:15:16, EXEC, v:1, k:toalha, mode:FREE
2025-09-24 08:28:36, MOVE, v:1, k:toalha, mode:PICK
2025-09-24 08:28:40, MOVE, v:1, k:toalha, mode:BACK
2025-09-24 08:28:43, MOVE, v:1, k:toalha, mode:PICK
2025-09-24 08:28:44, EXEC, v:1, k:toalha, mode:LOCK, rate:100
2025-09-24 08:28:46, EXEC, v:1, k:toalha, mode:LOCK, rate:100
2025-09-24 08:28:46, EXEC, v:1, k:toalha, mode:LOCK, rate:100
2025-09-24 08:28:47, EXEC, v:1, k:toalha, mode:LOCK, rate:100
2025-09-24 08:28:47, EXEC, v:1, k:toalha, mode:FREE
2025-09-24 08:31:27, MOVE, v:1, k:toalha, mode:PICK
2025-09-24 08:31:29, EXEC, v:1, k:toalha, mode:LOCK, rate:100
2025-09-24 08:31:29, EXEC, v:1, k:toalha, mode:LOCK, rate:100
2025-09-24 08:31:30, EXEC, v:1, k:toalha, mode:LOCK, rate:100
2025-09-24 08:31:30, EXEC, v:1, k:toalha, mode:LOCK, rate:100
2025-09-24 08:31:31, EXEC, v:1, k:toalha, mode:LOCK, rate:100
2025-09-24 08:31:31, EXEC, v:1, k:toalha, mode:FREE
2025-09-24 08:32:12, MOVE, v:1, k:toalha, mode:BACK
2025-09-24 08:32:17, MOVE, v:1, k:animal, mode:DOWN
2025-09-24 08:32:18, MOVE, v:1, k:animal, mode:PICK
2025-09-24 08:32:30, EXEC, v:1, k:animal, mode:FULL, rate:0, size:0
2025-09-24 08:32:35, MOVE, v:1, k:animal, mode:BACK
2025-09-24 08:33:27, MOVE, v:1, k:toalha, mode:PICK
2025-09-24 08:33:44, EXEC, v:1, k:toalha, mode:FREE
2025-09-24 08:33:49, MOVE, v:1, k:toalha, mode:BACK
2025-09-24 10:02:44, MOVE, v:1, k:toalha, mode:PICK
2025-09-24 10:02:45, EXEC, v:1, k:toalha, mode:LOCK, rate:100
2025-09-24 10:02:46, EXEC, v:1, k:toalha, mode:LOCK, rate:100
2025-09-24 10:02:46, EXEC, v:1, k:toalha, mode:LOCK, rate:100
2025-09-24 10:02:47, EXEC, v:1, k:toalha, mode:LOCK, rate:100
2025-09-24 10:02:47, EXEC, v:1, k:toalha, mode:LOCK, rate:100
2025-09-24 10:02:47, EXEC, v:1, k:toalha, mode:FREE
2025-09-24 10:02:51, MOVE, v:1, k:toalha, mode:BACK
2025-09-24 10:02:53, MOVE, v:1, k:toalha, mode:PICK
2025-09-24 10:03:07, MOVE, v:1, k:toalha, mode:BACK
2025-09-24 10:04:30, MOVE, v:1, k:toalha, mode:PICK
2025-09-24 10:04:31, EXEC, v:1, k:toalha, mode:FREE
2025-09-24 10:05:49, MOVE, v:1, k:toalha, mode:PICK
2025-09-24 10:05:52, EXEC, v:1, k:toalha, mode:LOCK, rate:100
2025-09-24 10:06:07, MOVE, v:1, k:toalha, mode:BACK
2025-09-24 10:06:13, MOVE, v:1, k:enxugar, mode:PICK
2025-09-24 10:06:19, EXEC, v:1, k:enxugar, mode:FULL, rate:0
2025-09-24 10:07:28, MOVE, v:1, k:enxugar, mode:BACK
2025-09-24 10:19:34, MOVE, v:1, k:enxugar, mode:PICK
2025-09-24 10:19:37, EXEC, v:1, k:enxugar, mode:FULL, rate:0
2025-09-24 10:21:27, EXEC, v:1, k:enxugar, mode:FULL, rate:0
2025-09-24 10:21:32, EXEC, v:1, k:enxugar, mode:FULL, rate:0
2025-09-24 10:21:40, EXEC, v:1, k:enxugar, mode:FULL, rate:0
2025-09-24 10:21:41, EXEC, v:1, k:enxugar, mode:FREE
2025-09-24 10:22:26, EXEC, v:1, k:enxugar, mode:FULL, rate:0
2025-09-24 10:22:28, EXEC, v:1, k:enxugar, mode:FULL, rate:0
2025-09-24 10:22:35, EXEC, v:1, k:enxugar, mode:FREE
2025-09-24 10:22:42, MOVE, v:1, k:enxugar, mode:BACK
2025-09-24 10:22:43, MOVE, v:1, k:enxugar, mode:PICK
2025-09-24 10:22:54, EXEC, v:1, k:enxugar, mode:FREE
2025-09-24 10:22:59, EXEC, v:1, k:enxugar, mode:FULL, rate:0
2025-09-24 10:23:15, MOVE, v:1, k:enxugar, mode:BACK
2025-09-24 10:23:18, MOVE, v:1, k:animal, mode:PICK
2025-09-24 10:25:01, MOVE, v:1, k:animal, mode:BACK
2025-09-24 10:25:01, MOVE, v:1, k:animal, mode:PICK
2025-09-24 10:25:02, MOVE, v:1, k:animal, mode:BACK
2025-09-24 10:25:11, MOVE, v:1, k:enxugar, mode:PICK
2025-09-24 10:25:14, EXEC, v:1, k:enxugar, mode:FULL, rate:0
2025-09-24 10:25:19, MOVE, v:1, k:enxugar, mode:BACK
2025-09-24 10:25:20, MOVE, v:1, k:enxugar, mode:PICK
2025-09-24 10:25:23, EXEC, v:1, k:enxugar, mode:FULL, rate:0
2025-09-24 10:25:57, EXEC, v:1, k:enxugar, mode:FULL, rate:0
2025-09-24 10:26:58, EXEC, v:1, k:enxugar, mode:FULL, rate:0
2025-09-24 10:28:18, EXEC, v:1, k:enxugar, mode:FULL, rate:0
2025-09-24 10:28:48, EXEC, v:1, k:enxugar, mode:FULL, rate:0
2025-09-24 10:31:58, EXEC, v:1, k:enxugar, mode:FULL, rate:0
2025-09-24 10:32:08, EXEC, v:1, k:enxugar, mode:FREE
2025-09-24 10:32:17, MOVE, v:1, k:enxugar, mode:BACK
2025-09-24 10:32:19, MOVE, v:1, k:enxugar, mode:PICK
2025-09-24 10:32:20, EXEC, v:1, k:enxugar, mode:FULL, rate:0
2025-09-24 10:33:38, EXEC, v:1, k:enxugar, mode:FREE
2025-09-24 10:34:49, EXEC, v:1, k:enxugar, mode:FULL, rate:0
