2025-09-23 10:08:41, MOVE, v:1, k:toalha, mode:PICK
2025-09-23 10:08:45, EXEC, v:1, k:toalha, mode:LOCK, rate:0, size:32
2025-09-23 10:09:12, EXEC, v:1, k:toalha, mode:FREE
2025-09-23 10:09:19, EXEC, v:1, k:toalha, mode:LOCK, rate:0
2025-09-23 10:09:19, EXEC, v:1, k:toalha, mode:LOCK, rate:0
2025-09-23 10:09:20, EXEC, v:1, k:toalha, mode:LOCK, rate:0
2025-09-23 10:09:21, EXEC, v:1, k:toalha, mode:LOCK, rate:0
2025-09-23 10:09:22, EXEC, v:1, k:toalha, mode:LOCK, rate:0
2025-09-23 10:09:22, EXEC, v:1, k:toalha, mode:LOCK, rate:0
2025-09-23 10:09:22, EXEC, v:1, k:toalha, mode:LOCK, rate:0
2025-09-23 10:10:40, EXEC, v:1, k:toalha, mode:LOCK, rate:0
2025-09-23 10:15:03, MOVE, v:1, k:toalha, mode:PICK
2025-09-23 10:15:09, EXEC, v:1, k:toalha, mode:LOCK, rate:0
2025-09-23 10:15:30, EXEC, v:1, k:toalha, mode:LOCK, rate:0, size:33
2025-09-23 10:15:56, EXEC, v:1, k:toalha, mode:LOCK, rate:0
2025-09-23 10:16:01, EXEC, v:1, k:toalha, mode:FREE
2025-09-23 10:16:20, EXEC, v:1, k:toalha, mode:LOCK, rate:0
2025-09-23 10:16:20, EXEC, v:1, k:toalha, mode:LOCK, rate:0
2025-09-23 10:16:40, MOVE, v:1, k:toalha, mode:BACK
2025-09-23 10:16:51, MOVE, v:1, k:toalha, mode:PICK
2025-09-23 10:17:00, EXEC, v:1, k:toalha, mode:LOCK, rate:0
2025-09-23 10:17:04, MOVE, v:1, k:toalha, mode:BACK
2025-09-23 10:17:06, MOVE, v:1, k:toalha, mode:PICK
2025-09-23 10:17:08, EXEC, v:1, k:toalha, mode:FREE
2025-09-23 10:17:43, MOVE, v:1, k:toalha, mode:BACK
2025-09-23 10:18:29, MOVE, v:1, k:toalha, mode:PICK
2025-09-23 10:18:35, EXEC, v:1, k:toalha, mode:FREE
2025-09-23 10:31:13, MOVE, v:1, k:toalha, mode:BACK
2025-09-23 10:31:33, MOVE, v:1, k:toalha, mode:PICK
2025-09-23 10:31:59, EXEC, v:1, k:toalha, mode:LOCK, rate:0
2025-09-23 10:32:00, EXEC, v:1, k:toalha, mode:LOCK, rate:0
2025-09-23 10:32:00, EXEC, v:1, k:toalha, mode:LOCK, rate:0
2025-09-23 10:32:01, EXEC, v:1, k:toalha, mode:LOCK, rate:0
2025-09-23 10:32:01, EXEC, v:1, k:toalha, mode:LOCK, rate:0
2025-09-23 10:32:02, EXEC, v:1, k:toalha, mode:FREE
2025-09-23 10:37:13, EXEC, v:1, k:toalha, mode:LOCK, rate:0, size:33
2025-09-23 10:37:15, EXEC, v:1, k:toalha, mode:LOCK, rate:0
2025-09-23 10:37:15, EXEC, v:1, k:toalha, mode:LOCK, rate:0
2025-09-23 10:37:16, EXEC, v:1, k:toalha, mode:FREE
2025-09-23 10:38:17, MOVE, v:1, k:toalha, mode:PICK
2025-09-23 10:38:30, EXEC, v:1, k:toalha, mode:LOCK, rate:0
2025-09-23 10:46:06, MOVE, v:1, k:toalha, mode:PICK
2025-09-23 10:46:08, EXEC, v:1, k:toalha, mode:LOCK, rate:0
2025-09-23 10:47:30, EXEC, v:1, k:toalha, mode:LOCK, rate:0
2025-09-23 10:47:31, EXEC, v:1, k:toalha, mode:LOCK, rate:0
2025-09-23 10:47:32, EXEC, v:1, k:toalha, mode:LOCK, rate:0
2025-09-23 10:47:38, MOVE, v:1, k:toalha, mode:PICK
2025-09-23 10:47:39, EXEC, v:1, k:toalha, mode:LOCK, rate:0
2025-09-23 10:48:01, EXEC, v:1, k:toalha, mode:LOCK, rate:0
2025-09-23 10:48:02, EXEC, v:1, k:toalha, mode:LOCK, rate:0
2025-09-23 10:48:02, EXEC, v:1, k:toalha, mode:LOCK, rate:0
2025-09-23 10:48:03, EXEC, v:1, k:toalha, mode:LOCK, rate:0
2025-09-23 10:48:03, EXEC, v:1, k:toalha, mode:LOCK, rate:0
2025-09-23 10:48:03, EXEC, v:1, k:toalha, mode:LOCK, rate:0
2025-09-23 10:48:04, EXEC, v:1, k:toalha, mode:LOCK, rate:0
2025-09-23 10:48:07, EXEC, v:1, k:toalha, mode:LOCK, rate:0
2025-09-23 10:48:13, MOVE, v:1, k:toalha, mode:PICK
2025-09-23 10:48:14, EXEC, v:1, k:toalha, mode:LOCK, rate:0
2025-09-23 10:50:53, EXEC, v:1, k:toalha, mode:LOCK, rate:0
2025-09-23 10:50:54, EXEC, v:1, k:toalha, mode:LOCK, rate:0
2025-09-23 10:50:55, EXEC, v:1, k:toalha, mode:LOCK, rate:0
2025-09-23 10:53:38, EXEC, v:1, k:toalha, mode:LOCK, rate:0, size:36
2025-09-23 10:53:38, EXEC, v:1, k:toalha, mode:LOCK, rate:0, size:36
2025-09-23 10:53:39, EXEC, v:1, k:toalha, mode:LOCK, rate:0, size:36
2025-09-23 10:53:39, EXEC, v:1, k:toalha, mode:LOCK, rate:0, size:36
2025-09-23 10:53:39, EXEC, v:1, k:toalha, mode:LOCK, rate:0, size:36
2025-09-23 10:53:40, EXEC, v:1, k:toalha, mode:LOCK, rate:0
2025-09-23 10:53:46, MOVE, v:1, k:toalha, mode:BACK
2025-09-23 10:53:46, MOVE, v:1, k:toalha, mode:PICK
2025-09-23 10:53:47, MOVE, v:1, k:toalha, mode:BACK
2025-09-23 10:53:50, MOVE, v:1, k:toalha, mode:PICK
2025-09-23 10:53:52, EXEC, v:1, k:toalha, mode:LOCK, rate:0
2025-09-23 10:54:09, MOVE, v:1, k:toalha, mode:BACK
2025-09-23 11:15:43, MOVE, v:1, k:enxugar, mode:DOWN
2025-09-23 11:15:48, MOVE, v:1, k:enxugar, mode:PICK
2025-09-23 11:16:06, EXEC, v:1, k:enxugar, mode:FULL, rate:0, size:0
2025-09-23 15:44:29, MOVE, v:1, k:toalha, mode:PICK
2025-09-23 15:44:30, EXEC, v:1, k:toalha, mode:LOCK, rate:100, size:33
2025-09-23 15:44:33, EXEC, v:1, k:toalha, mode:LOCK, rate:100
2025-09-23 15:44:33, EXEC, v:1, k:toalha, mode:LOCK, rate:100
2025-09-23 15:44:34, EXEC, v:1, k:toalha, mode:LOCK, rate:100
2025-09-23 15:44:34, EXEC, v:1, k:toalha, mode:LOCK, rate:100
2025-09-23 15:44:34, EXEC, v:1, k:toalha, mode:FREE
2025-09-23 15:45:43, EXEC, v:1, k:toalha, mode:LOCK, rate:0, size:34
2025-09-23 15:45:43, EXEC, v:1, k:toalha, mode:LOCK, rate:0, size:34
2025-09-23 15:46:01, EXEC, v:1, k:toalha, mode:LOCK, rate:100, size:33
2025-09-23 15:46:58, EXEC, v:1, k:toalha, mode:LOCK, rate:100, size:32
2025-09-23 15:46:59, EXEC, v:1, k:toalha, mode:LOCK, rate:100
2025-09-23 15:46:59, EXEC, v:1, k:toalha, mode:LOCK, rate:100
2025-09-23 15:47:00, EXEC, v:1, k:toalha, mode:LOCK, rate:100
2025-09-23 15:47:00, EXEC, v:1, k:toalha, mode:LOCK, rate:100
2025-09-23 15:47:00, EXEC, v:1, k:toalha, mode:LOCK, rate:100
2025-09-23 15:47:00, EXEC, v:1, k:toalha, mode:LOCK, rate:100
2025-09-23 15:47:00, EXEC, v:1, k:toalha, mode:LOCK, rate:100
2025-09-23 15:47:01, EXEC, v:1, k:toalha, mode:LOCK, rate:100
2025-09-23 15:47:01, EXEC, v:1, k:toalha, mode:LOCK, rate:100
2025-09-23 15:47:01, EXEC, v:1, k:toalha, mode:LOCK, rate:100
2025-09-23 15:47:01, EXEC, v:1, k:toalha, mode:LOCK, rate:100
2025-09-23 15:47:01, EXEC, v:1, k:toalha, mode:LOCK, rate:100
2025-09-23 15:47:02, EXEC, v:1, k:toalha, mode:FREE
2025-09-23 15:47:11, EXEC, v:1, k:toalha, mode:FREE
2025-09-23 15:47:15, EXEC, v:1, k:toalha, mode:LOCK, rate:100
2025-09-23 15:47:16, EXEC, v:1, k:toalha, mode:LOCK, rate:100
2025-09-23 15:47:16, EXEC, v:1, k:toalha, mode:LOCK, rate:100
2025-09-23 15:47:16, EXEC, v:1, k:toalha, mode:LOCK, rate:100
2025-09-23 15:47:17, EXEC, v:1, k:toalha, mode:LOCK, rate:100
2025-09-23 15:47:17, EXEC, v:1, k:toalha, mode:LOCK, rate:100
2025-09-23 15:47:17, EXEC, v:1, k:toalha, mode:LOCK, rate:100
2025-09-23 15:47:18, EXEC, v:1, k:toalha, mode:FREE
2025-09-23 15:47:28, MOVE, v:1, k:toalha, mode:BACK
2025-09-23 15:47:32, MOVE, v:1, k:enxugar, mode:PICK
2025-09-23 15:48:24, EXEC, v:1, k:enxugar, mode:FULL, rate:0
2025-09-23 15:48:26, EXEC, v:1, k:enxugar, mode:FULL, rate:0
2025-09-23 16:00:31, MOVE, v:1, k:toalha, mode:PICK
2025-09-23 16:00:40, EXEC, v:1, k:toalha, mode:LOCK, rate:100, size:32
2025-09-23 16:00:41, EXEC, v:1, k:toalha, mode:LOCK, rate:100
2025-09-23 16:00:41, EXEC, v:1, k:toalha, mode:LOCK, rate:100
2025-09-23 16:00:42, EXEC, v:1, k:toalha, mode:LOCK, rate:100
2025-09-23 16:00:42, EXEC, v:1, k:toalha, mode:LOCK, rate:100
2025-09-23 16:00:42, EXEC, v:1, k:toalha, mode:LOCK, rate:100
2025-09-23 16:00:42, EXEC, v:1, k:toalha, mode:LOCK, rate:100
2025-09-23 16:00:44, EXEC, v:1, k:toalha, mode:FREE
2025-09-23 16:02:09, EXEC, v:1, k:poo, mode:FREE, size:32
